2017-07-19T15:15:37.061Z INFO    ConnectionProfileManager :constructor()             Created a new ConnectionProfileManager {"0":{"fs":{"constants":{"O_RDONLY":0,"O_WRONLY":1,"O_RDWR":2,"S_IFMT":61440,"S_IFREG":32768,"S_IFDIR":16384,"S_IFCHR":8192,"S_IFBLK":24576,"S_IFIFO":4096,"S_IFLNK":40960,"S_IFSOCK":49152,"O_CREAT":512,"O_EXCL":2048,"O_NOCTTY":131072,"O_TRUNC":1024,"O_APPEND":8,"O_DIRECTORY":1048576,"O_NOFOLLOW":256,"O_SYNC":128,"O_SYMLINK":2097152,"O_NONBLOCK":4,"S_IRWXU":448,"S_IRUSR":256,"S_IWUSR":128,"S_IXUSR":64,"S_IRWXG":56,"S_IRGRP":32,"S_IWGRP":16,"S_IXGRP":8,"S_IRWXO":7,"S_IROTH":4,"S_IWOTH":2,"S_IXOTH":1,"F_OK":0,"R_OK":4,"W_OK":2,"X_OK":1},"F_OK":0,"R_OK":4,"W_OK":2,"X_OK":1}}}$
2017-07-19T15:15:37.069Z INFO    ConnectionProfileManager :constructor()             Created a new ConnectionProfileManager {"0":{"fs":{"constants":{"O_RDONLY":0,"O_WRONLY":1,"O_RDWR":2,"S_IFMT":61440,"S_IFREG":32768,"S_IFDIR":16384,"S_IFCHR":8192,"S_IFBLK":24576,"S_IFIFO":4096,"S_IFLNK":40960,"S_IFSOCK":49152,"O_CREAT":512,"O_EXCL":2048,"O_NOCTTY":131072,"O_TRUNC":1024,"O_APPEND":8,"O_DIRECTORY":1048576,"O_NOFOLLOW":256,"O_SYNC":128,"O_SYMLINK":2097152,"O_NONBLOCK":4,"S_IRWXU":448,"S_IRUSR":256,"S_IWUSR":128,"S_IXUSR":64,"S_IRWXG":56,"S_IRGRP":32,"S_IWGRP":16,"S_IXGRP":8,"S_IRWXO":7,"S_IROTH":4,"S_IWOTH":2,"S_IXOTH":1,"F_OK":0,"R_OK":4,"W_OK":2,"X_OK":1},"F_OK":0,"R_OK":4,"W_OK":2,"X_OK":1}}}$
2017-07-19T15:15:37.070Z INFO    ConnectionProfileManager :connect()                 Connecting using hlfv1 {"0":"fitchain-composer"}$
2017-07-19T15:15:37.075Z INFO    FSConnectionProfileStore :load()                    Loaded connection profile hlfv1 {"0":"{\n    \"type\": \"hlfv1\",\n    \"orderers\": [\n        {\n            \"url\": \"grpc://localhost:7050\"\n        }\n    ],\n    \"ca\": {\n        \"url\": \"http://localhost:7054\",\n        \"name\": \"ca.org1.example.com\"\n    },\n    \"peers\": [\n        {\n            \"requestURL\": \"grpc://localhost:7051\",\n            \"eventURL\": \"grpc://localhost:7053\"\n        }\n    ],\n    \"keyValStore\": \"/Users/wilsonth/.composer-credentials\",\n    \"channel\": \"composerchannel\",\n    \"mspID\": \"Org1MSP\",\n    \"timeout\": \"300\"\n}"}$
2017-07-19T15:15:37.076Z INFO    ConnectionProfileManager :getConnectionManager()    Looking up a connection manager for profile {"0":"hlfv1"}$
2017-07-19T15:15:37.077Z INFO    FSConnectionProfileStore :load()                    Loaded connection profile hlfv1 {"0":"{\n    \"type\": \"hlfv1\",\n    \"orderers\": [\n        {\n            \"url\": \"grpc://localhost:7050\"\n        }\n    ],\n    \"ca\": {\n        \"url\": \"http://localhost:7054\",\n        \"name\": \"ca.org1.example.com\"\n    },\n    \"peers\": [\n        {\n            \"requestURL\": \"grpc://localhost:7051\",\n            \"eventURL\": \"grpc://localhost:7053\"\n        }\n    ],\n    \"keyValStore\": \"/Users/wilsonth/.composer-credentials\",\n    \"channel\": \"composerchannel\",\n    \"mspID\": \"Org1MSP\",\n    \"timeout\": \"300\"\n}"}$
2017-07-19T15:15:37.648Z INFO    ConnectionProfileManager :getConnectionManager()    Using this connection manager  {"0":{"connectionProfileManager":{"connectionProfileStore":{"fs":{"constants":{"O_RDONLY":0,"O_WRONLY":1,"O_RDWR":2,"S_IFMT":61440,"S_IFREG":32768,"S_IFDIR":16384,"S_IFCHR":8192,"S_IFBLK":24576,"S_IFIFO":4096,"S_IFLNK":40960,"S_IFSOCK":49152,"O_CREAT":512,"O_EXCL":2048,"O_NOCTTY":131072,"O_TRUNC":1024,"O_APPEND":8,"O_DIRECTORY":1048576,"O_NOFOLLOW":256,"O_SYNC":128,"O_SYMLINK":2097152,"O_NONBLOCK":4,"S_IRWXU":448,"S_IRUSR":256,"S_IWUSR":128,"S_IXUSR":64,"S_IRWXG":56,"S_IRGRP":32,"S_IWGRP":16,"S_IXGRP":8,"S_IRWXO":7,"S_IROTH":4,"S_IWOTH":2,"S_IXOTH":1,"F_OK":0,"R_OK":4,"W_OK":2,"X_OK":1},"F_OK":0,"R_OK":4,"W_OK":2,"X_OK":1}}}}}$
2017-07-19T15:15:38.108Z INFO    HLFConnection            :ping()                    Successful ping {"0":"0.9.2","1":"0.9.2","2":"^0.9.2"}$
2017-07-19T15:15:38.264Z INFO    ModelManager             :info()                    
    namespace org.hyperledger.composer.system

    abstract asset Asset {  }

    abstract participant Participant {   }

    abstract transaction Transaction identified by transactionId{
      o String transactionId
      o DateTime timestamp
    }

    abstract event Event identified by eventId{
      o String eventId
      o DateTime timestamp
    }
 {}$
2017-07-19T15:15:38.574Z INFO    HLFConnection            :ping()                    Successful ping {"0":"0.9.2","1":"0.9.2","2":"^0.9.2"}$
